Determining if the pthread_create exist failed with the following output:
Change Dir: /home/choyg/Desktop/workspace/opengl/learnopengl/opengl_coord_system/CMakeFiles/CMakeTmp

Run Build Command:"/usr/bin/make" "cmTC_aa69b/fast"
/usr/bin/make -f CMakeFiles/cmTC_aa69b.dir/build.make CMakeFiles/cmTC_aa69b.dir/build
make[1]: 디렉터리 '/home/choyg/workspace/opengl/learnopengl/opengl_coord_system/CMakeFiles/CMakeTmp' 들어감
Building C object CMakeFiles/cmTC_aa69b.dir/CheckSymbolExists.c.o
/usr/bin/cc    -o CMakeFiles/cmTC_aa69b.dir/CheckSymbolExists.c.o   -c /home/choyg/Desktop/workspace/opengl/learnopengl/opengl_coord_system/CMakeFiles/CMakeTmp/CheckSymbolExists.c
Linking C executable cmTC_aa69b
/usr/bin/cmake -E cmake_link_script CMakeFiles/cmTC_aa69b.dir/link.txt --verbose=1
/usr/bin/cc      -rdynamic CMakeFiles/cmTC_aa69b.dir/CheckSymbolExists.c.o  -o cmTC_aa69b 
CMakeFiles/cmTC_aa69b.dir/CheckSymbolExists.c.o: In function `main':
CheckSymbolExists.c:(.text+0x1b): undefined reference to `pthread_create'
collect2: error: ld returned 1 exit status
CMakeFiles/cmTC_aa69b.dir/build.make:97: recipe for target 'cmTC_aa69b' failed
make[1]: *** [cmTC_aa69b] Error 1
make[1]: 디렉터리 '/home/choyg/workspace/opengl/learnopengl/opengl_coord_system/CMakeFiles/CMakeTmp' 나감
Makefile:126: recipe for target 'cmTC_aa69b/fast' failed
make: *** [cmTC_aa69b/fast] Error 2

File /home/choyg/Desktop/workspace/opengl/learnopengl/opengl_coord_system/CMakeFiles/CMakeTmp/CheckSymbolExists.c:
/* */
#include <pthread.h>

int main(int argc, char** argv)
{
  (void)argv;
#ifndef pthread_create
  return ((int*)(&pthread_create))[argc];
#else
  (void)argc;
  return 0;
#endif
}

Determining if the function pthread_create exists in the pthreads failed with the following output:
Change Dir: /home/choyg/Desktop/workspace/opengl/learnopengl/opengl_coord_system/CMakeFiles/CMakeTmp

Run Build Command:"/usr/bin/make" "cmTC_8ce37/fast"
/usr/bin/make -f CMakeFiles/cmTC_8ce37.dir/build.make CMakeFiles/cmTC_8ce37.dir/build
make[1]: 디렉터리 '/home/choyg/workspace/opengl/learnopengl/opengl_coord_system/CMakeFiles/CMakeTmp' 들어감
Building C object CMakeFiles/cmTC_8ce37.dir/CheckFunctionExists.c.o
/usr/bin/cc   -DCHECK_FUNCTION_EXISTS=pthread_create   -o CMakeFiles/cmTC_8ce37.dir/CheckFunctionExists.c.o   -c /usr/share/cmake-3.10/Modules/CheckFunctionExists.c
Linking C executable cmTC_8ce37
/usr/bin/cmake -E cmake_link_script CMakeFiles/cmTC_8ce37.dir/link.txt --verbose=1
/usr/bin/cc  -DCHECK_FUNCTION_EXISTS=pthread_create    -rdynamic CMakeFiles/cmTC_8ce37.dir/CheckFunctionExists.c.o  -o cmTC_8ce37 -lpthreads 
/usr/bin/ld: cannot find -lpthreads
collect2: error: ld returned 1 exit status
CMakeFiles/cmTC_8ce37.dir/build.make:97: recipe for target 'cmTC_8ce37' failed
make[1]: *** [cmTC_8ce37] Error 1
make[1]: 디렉터리 '/home/choyg/workspace/opengl/learnopengl/opengl_coord_system/CMakeFiles/CMakeTmp' 나감
Makefile:126: recipe for target 'cmTC_8ce37/fast' failed
make: *** [cmTC_8ce37/fast] Error 2


