Determining if the pthread_create exist failed with the following output:
Change Dir: /home/choyg/Desktop/workspace/opengl/learnopengl/opengl_transform/CMakeFiles/CMakeTmp

Run Build Command:"/usr/bin/make" "cmTC_1d96e/fast"
/usr/bin/make -f CMakeFiles/cmTC_1d96e.dir/build.make CMakeFiles/cmTC_1d96e.dir/build
make[1]: 디렉터리 '/home/choyg/workspace/opengl/learnopengl/opengl_transform/CMakeFiles/CMakeTmp' 들어감
Building C object CMakeFiles/cmTC_1d96e.dir/CheckSymbolExists.c.o
/usr/bin/cc    -o CMakeFiles/cmTC_1d96e.dir/CheckSymbolExists.c.o   -c /home/choyg/Desktop/workspace/opengl/learnopengl/opengl_transform/CMakeFiles/CMakeTmp/CheckSymbolExists.c
Linking C executable cmTC_1d96e
/usr/bin/cmake -E cmake_link_script CMakeFiles/cmTC_1d96e.dir/link.txt --verbose=1
/usr/bin/cc      -rdynamic CMakeFiles/cmTC_1d96e.dir/CheckSymbolExists.c.o  -o cmTC_1d96e 
CMakeFiles/cmTC_1d96e.dir/CheckSymbolExists.c.o: In function `main':
CheckSymbolExists.c:(.text+0x1b): undefined reference to `pthread_create'
collect2: error: ld returned 1 exit status
CMakeFiles/cmTC_1d96e.dir/build.make:97: recipe for target 'cmTC_1d96e' failed
make[1]: *** [cmTC_1d96e] Error 1
make[1]: 디렉터리 '/home/choyg/workspace/opengl/learnopengl/opengl_transform/CMakeFiles/CMakeTmp' 나감
Makefile:126: recipe for target 'cmTC_1d96e/fast' failed
make: *** [cmTC_1d96e/fast] Error 2

File /home/choyg/Desktop/workspace/opengl/learnopengl/opengl_transform/CMakeFiles/CMakeTmp/CheckSymbolExists.c:
/* */
#include <pthread.h>

int main(int argc, char** argv)
{
  (void)argv;
#ifndef pthread_create
  return ((int*)(&pthread_create))[argc];
#else
  (void)argc;
  return 0;
#endif
}

Determining if the function pthread_create exists in the pthreads failed with the following output:
Change Dir: /home/choyg/Desktop/workspace/opengl/learnopengl/opengl_transform/CMakeFiles/CMakeTmp

Run Build Command:"/usr/bin/make" "cmTC_48556/fast"
/usr/bin/make -f CMakeFiles/cmTC_48556.dir/build.make CMakeFiles/cmTC_48556.dir/build
make[1]: 디렉터리 '/home/choyg/workspace/opengl/learnopengl/opengl_transform/CMakeFiles/CMakeTmp' 들어감
Building C object CMakeFiles/cmTC_48556.dir/CheckFunctionExists.c.o
/usr/bin/cc   -DCHECK_FUNCTION_EXISTS=pthread_create   -o CMakeFiles/cmTC_48556.dir/CheckFunctionExists.c.o   -c /usr/share/cmake-3.10/Modules/CheckFunctionExists.c
Linking C executable cmTC_48556
/usr/bin/cmake -E cmake_link_script CMakeFiles/cmTC_48556.dir/link.txt --verbose=1
/usr/bin/cc  -DCHECK_FUNCTION_EXISTS=pthread_create    -rdynamic CMakeFiles/cmTC_48556.dir/CheckFunctionExists.c.o  -o cmTC_48556 -lpthreads 
/usr/bin/ld: cannot find -lpthreads
collect2: error: ld returned 1 exit status
CMakeFiles/cmTC_48556.dir/build.make:97: recipe for target 'cmTC_48556' failed
make[1]: *** [cmTC_48556] Error 1
make[1]: 디렉터리 '/home/choyg/workspace/opengl/learnopengl/opengl_transform/CMakeFiles/CMakeTmp' 나감
Makefile:126: recipe for target 'cmTC_48556/fast' failed
make: *** [cmTC_48556/fast] Error 2


